openCVSamplefacedetection/build/outputs/logs/manifest-merger-debug-report.txt
-- Merging decision tree log ---
manifest
ADDED from src/main/AndroidManifest.xml:2:1-50:12
	package
		ADDED from src/main/AndroidManifest.xml:3:5-44
		INJECTED from src/main/AndroidManifest.xml
		INJECTED from src/main/AndroidManifest.xml
	android:versionName
		ADDED from src/main/AndroidManifest.xml:5:5-31
		INJECTED from src/main/AndroidManifest.xml
		INJECTED from src/main/AndroidManifest.xml
	android:versionCode
		ADDED from src/main/AndroidManifest.xml:4:5-30
		INJECTED from src/main/AndroidManifest.xml
		INJECTED from src/main/AndroidManifest.xml
	xmlns:android
		ADDED from src/main/AndroidManifest.xml:2:11-69
application
ADDED from src/main/AndroidManifest.xml:7:5-22:19
	android:label
		ADDED from src/main/AndroidManifest.xml:9:9-41
	android:icon
		ADDED from src/main/AndroidManifest.xml:8:9-38
	android:theme
		ADDED from src/main/AndroidManifest.xml:10:9-67
activity#org.opencv.samples.facedetect.FdActivity
ADDED from src/main/AndroidManifest.xml:12:9-21:20
	android:screenOrientation
		ADDED from src/main/AndroidManifest.xml:16:13-50
	android:label
		ADDED from src/main/AndroidManifest.xml:15:13-45
	android:configChanges
		ADDED from src/main/AndroidManifest.xml:14:13-63
	android:name
		ADDED from src/main/AndroidManifest.xml:13:13-38
intent-filter#android.intent.action.MAIN+android.intent.category.LAUNCHER
ADDED from src/main/AndroidManifest.xml:17:13-20:29
action#android.intent.action.MAIN
ADDED from src/main/AndroidManifest.xml:18:17-69
	android:name
		ADDED from src/main/AndroidManifest.xml:18:25-66
category#android.intent.category.LAUNCHER
ADDED from src/main/AndroidManifest.xml:19:17-77
	android:name
		ADDED from src/main/AndroidManifest.xml:19:27-74
supports-screens
ADDED from src/main/AndroidManifest.xml:24:5-29:39
	android:largeScreens
		ADDED from src/main/AndroidManifest.xml:26:9-36
	android:smallScreens
		ADDED from src/main/AndroidManifest.xml:29:9-36
	android:normalScreens
		ADDED from src/main/AndroidManifest.xml:27:9-37
	android:resizeable
		ADDED from src/main/AndroidManifest.xml:28:9-34
	android:anyDensity
		ADDED from src/main/AndroidManifest.xml:25:9-34
uses-sdk
ADDED from src/main/AndroidManifest.xml:31:5-43
MERGED from [face-detection4:openCVLibrary320:unspecified] AndroidManifest.xml:7:5-9:41
MERGED from [com.orhanobut:logger:2.1.1] AndroidManifest.xml:6:5-43
	android:targetSdkVersion
		INJECTED from src/main/AndroidManifest.xml
		INJECTED from src/main/AndroidManifest.xml
	android:minSdkVersion
		ADDED from src/main/AndroidManifest.xml:31:15-40
		INJECTED from src/main/AndroidManifest.xml
		INJECTED from src/main/AndroidManifest.xml
uses-permission#android.permission.CAMERA
ADDED from src/main/AndroidManifest.xml:33:5-65
	android:name
		ADDED from src/main/AndroidManifest.xml:33:22-62
uses-permission#android.permission.READ_EXTERNAL_STORAGE
ADDED from src/main/AndroidManifest.xml:34:5-80
MERGED from [face-detection4:openCVLibrary320:unspecified] AndroidManifest.xml:12:5-80
	android:name
		ADDED from src/main/AndroidManifest.xml:34:22-77
uses-permission#android.permission.WRITE_EXTERNAL_STORAGE
ADDED from src/main/AndroidManifest.xml:35:5-81
MERGED from [face-detection4:openCVLibrary320:unspecified] AndroidManifest.xml:11:5-81
	android:name
		ADDED from src/main/AndroidManifest.xml:35:22-78
uses-feature#android.hardware.camera
ADDED from src/main/AndroidManifest.xml:37:5-39:35
	android:required
		ADDED from src/main/AndroidManifest.xml:39:9-32
	android:name
		ADDED from src/main/AndroidManifest.xml:38:9-47
uses-feature#android.hardware.camera.autofocus
ADDED from src/main/AndroidManifest.xml:40:5-42:36
	android:required
		ADDED from src/main/AndroidManifest.xml:42:9-33
	android:name
		ADDED from src/main/AndroidManifest.xml:41:9-57
uses-feature#android.hardware.camera.front
ADDED from src/main/AndroidManifest.xml:43:5-45:36
	android:required
		ADDED from src/main/AndroidManifest.xml:45:9-33
	android:name
		ADDED from src/main/AndroidManifest.xml:44:9-53
uses-feature#android.hardware.camera.front.autofocus
ADDED from src/main/AndroidManifest.xml:46:5-48:36
	android:required
		ADDED from src/main/AndroidManifest.xml:48:9-33
	android:name
		ADDED from src/main/AndroidManifest.xml:47:9-63
uses-permission#android.permission.MOUNT_UNMOUNT_FILESYSTEMS
ADDED from [face-detection4:openCVLibrary320:unspecified] AndroidManifest.xml:13:5-84
	android:name
		ADDED from [face-detection4:openCVLibrary320:unspecified] AndroidManifest.xml:13:22-81